[35m[Appium][39m Welcome to Appium v1.22.3
[35m[Appium][39m Non-default server args:
[35m[Appium][39m   port: 60355
[35m[Appium][39m   loglevel: info
[35m[Appium][39m   tmpDir: C:\Users\kevan\AppData\Local\Temp\\Katalon\Appium\Temp1654684642497
[35m[Appium][39m   chromedriverPort: 60356
[35m[Appium][39m Deprecated server args:
[35m[Appium][39m   [31m--chromedriver-port[39m => --default-capabilities
[35m[Appium][39m Default capabilities, which will be added to each request unless overridden by desired capabilities:
[35m[Appium][39m   chromedriverPort: 60356
[35m[Appium][39m Appium REST http interface listener started on 0.0.0.0:60355
[35m[HTTP][39m [37m-->[39m [37mGET[39m [37m/wd/hub/status[39m
[35m[HTTP][39m [90m{}[39m
[35m[HTTP][39m [37m<-- GET /wd/hub/status [39m[32m200[39m [90m4 ms - 68[39m
[35m[HTTP][39m [90m[39m
[35m[HTTP][39m [37m-->[39m [37mGET[39m [37m/wd/hub/status[39m
[35m[HTTP][39m [90m{}[39m
[35m[HTTP][39m [37m<-- GET /wd/hub/status [39m[32m200[39m [90m1 ms - 68[39m
[35m[HTTP][39m [90m[39m
[35m[HTTP][39m [37m-->[39m [37mPOST[39m [37m/wd/hub/session[39m
[35m[HTTP][39m [90m{"desiredCapabilities":{"appActivity":".Settings","appPackage":"com.android.settings","newCommandTimeout":1800,"platformVersion":"9","automationName":"uiautomator2","autoGrantPermissions":true,"platformName":"Android","udid":"04f8fa150405","deviceName":"Xiaomi Mi A2 Lite (Android 9)","platform":"ANDROID","systemPort":8211},"capabilities":{"firstMatch":[{"appium:appActivity":".Settings","appium:appPackage":"com.android.settings","appium:autoGrantPermissions":true,"appium:automationName":"uiautomator2","appium:deviceName":"Xiaomi Mi A2 Lite (Android 9)","appium:newCommandTimeout":1800,"platform":"ANDROID","platformName":"android","appium:platformVersion":"9","appium:systemPort":8211,"appium:udid":"04f8fa150405"}]}}[39m
[35m[BaseDriver][39m The following capabilities are not standard capabilities and should have an extension prefix:
[35m[BaseDriver][39m   platform
[35m[BaseDriver][39m   chromedriverPort
[35m[Appium][39m Appium v1.22.3 creating new AndroidUiautomator2Driver (v1.70.1) session
[35m[BaseDriver][39m The following capabilities were provided, but are not recognized by Appium:
[35m[BaseDriver][39m   platform
[35m[BaseDriver][39m Session created with session id: e48019fa-2149-4b8c-9071-b725415b3566
[35m[UiAutomator2][39m Starting 'com.android.settings' directly on the device
[35m[ADB][39m Found 1 'build-tools' folders under 'C:\Users\kevan\.katalon\tools\android_sdk' (newest first):
[35m[ADB][39m     C:/Users/kevan/.katalon/tools/android_sdk/build-tools/29.0.3
[35m[ADB][39m Using 'adb.exe' from 'C:\Users\kevan\.katalon\tools\android_sdk\platform-tools\adb.exe'
[35m[AndroidDriver][39m Retrieving device list
[35m[AndroidDriver][39m Using device: 04f8fa150405
[35m[ADB][39m Using 'adb.exe' from 'C:\Users\kevan\.katalon\tools\android_sdk\platform-tools\adb.exe'
[35m[ADB][39m Getting device platform version
[35m[UiAutomator2][39m Relaxing hidden api policy
[35m[AndroidDriver][39m No app sent in, not parsing package/activity
[35m[ADB][39m Using 'apksigner.jar' from 'C:\Users\kevan\.katalon\tools\android_sdk\build-tools\29.0.3\lib\apksigner.jar'
[35m[ADB][39m 'C:\Users\kevan\AppData\Roaming\npm\node_modules\appium\node_modules\appium-uiautomator2-server\apks\appium-uiautomator2-server-v4.27.0.apk' is signed with the default certificate
[35m[ADB][39m 'C:\Users\kevan\AppData\Roaming\npm\node_modules\appium\node_modules\appium-uiautomator2-server\apks\appium-uiautomator2-server-debug-androidTest.apk' is signed with the default certificate
[35m[UiAutomator2][39m Server packages are not going to be (re)installed
[35m[ADB][39m Adding packages ["io.appium.settings","io.appium.uiautomator2.server","io.appium.uiautomator2.server.test"] to Doze whitelist
[35m[UiAutomator2][39m Starting UIAutomator2 server 4.27.0
[35m[UiAutomator2][39m Using UIAutomator2 server from 'C:\Users\kevan\AppData\Roaming\npm\node_modules\appium\node_modules\appium-uiautomator2-server\apks\appium-uiautomator2-server-v4.27.0.apk' and test from 'C:\Users\kevan\AppData\Roaming\npm\node_modules\appium\node_modules\appium-uiautomator2-server\apks\appium-uiautomator2-server-debug-androidTest.apk'
[35m[UiAutomator2][39m Waiting up to 30000ms for UiAutomator2 to be online...
[35m[WD Proxy][39m socket hang up
[35m[WD Proxy][39m socket hang up
[35m[WD Proxy][39m socket hang up
[35m[WD Proxy][39m socket hang up
[35m[WD Proxy][39m socket hang up
[35m[WD Proxy][39m Determined the downstream protocol as 'W3C'
[35m[AndroidDriver][39m Screen already unlocked, doing nothing
[35m[UiAutomator2][39m Starting 'com.android.settings/.Settings and waiting for 'com.android.settings/.Settings'
[35m[Appium][39m New AndroidUiautomator2Driver session created successfully, session e48019fa-2149-4b8c-9071-b725415b3566 added to master session list
[35m[HTTP][39m [37m<-- POST /wd/hub/session [39m[32m200[39m [90m10623 ms - 1160[39m
[35m[HTTP][39m [90m[39m
[35m[HTTP][39m [37m-->[39m [37mGET[39m [37m/wd/hub/session/e48019fa-2149-4b8c-9071-b725415b3566[39m
[35m[HTTP][39m [90m{}[39m
[35m[HTTP][39m [37m<-- GET /wd/hub/session/e48019fa-2149-4b8c-9071-b725415b3566 [39m[32m200[39m [90m23 ms - 1114[39m
[35m[HTTP][39m [90m[39m
[35m[HTTP][39m [37m-->[39m [37mGET[39m [37m/wd/hub/session/e48019fa-2149-4b8c-9071-b725415b3566[39m
[35m[HTTP][39m [90m{}[39m
[35m[HTTP][39m [37m<-- GET /wd/hub/session/e48019fa-2149-4b8c-9071-b725415b3566 [39m[32m200[39m [90m26 ms - 1114[39m
[35m[HTTP][39m [90m[39m
[35m[HTTP][39m [37m-->[39m [37mGET[39m [37m/wd/hub/status[39m
[35m[HTTP][39m [90m{}[39m
[35m[HTTP][39m [37m<-- GET /wd/hub/status [39m[32m200[39m [90m1 ms - 68[39m
[35m[HTTP][39m [90m[39m
[35m[HTTP][39m [37m-->[39m [37mPOST[39m [37m/wd/hub/session/e48019fa-2149-4b8c-9071-b725415b3566/timeouts[39m
[35m[HTTP][39m [90m{"implicit":60000}[39m
[35m[HTTP][39m [37m<-- POST /wd/hub/session/e48019fa-2149-4b8c-9071-b725415b3566/timeouts [39m[32m200[39m [90m3 ms - 14[39m
[35m[HTTP][39m [90m[39m
[35m[HTTP][39m [37m-->[39m [37mGET[39m [37m/wd/hub/session/e48019fa-2149-4b8c-9071-b725415b3566/screenshot[39m
[35m[HTTP][39m [90m{}[39m
[35m[HTTP][39m [37m<-- GET /wd/hub/session/e48019fa-2149-4b8c-9071-b725415b3566/screenshot [39m[32m200[39m [90m1060 ms - 45188[39m
[35m[HTTP][39m [90m[39m
[35m[HTTP][39m [37m-->[39m [37mGET[39m [37m/wd/hub/session/e48019fa-2149-4b8c-9071-b725415b3566/window/rect[39m
[35m[HTTP][39m [90m{}[39m
[35m[HTTP][39m [37m<-- GET /wd/hub/session/e48019fa-2149-4b8c-9071-b725415b3566/window/rect [39m[32m200[39m [90m29 ms - 50[39m
[35m[HTTP][39m [90m[39m
[35m[HTTP][39m [37m-->[39m [37mGET[39m [37m/wd/hub/session/e48019fa-2149-4b8c-9071-b725415b3566/appium/device/system_bars[39m
[35m[HTTP][39m [90m{}[39m
[35m[HTTP][39m [37m<-- GET /wd/hub/session/e48019fa-2149-4b8c-9071-b725415b3566/appium/device/system_bars [39m[32m200[39m [90m111 ms - 148[39m
[35m[HTTP][39m [90m[39m
[35m[HTTP][39m [37m-->[39m [37mPOST[39m [37m/wd/hub/session/e48019fa-2149-4b8c-9071-b725415b3566/appium/device/activate_app[39m
[35m[HTTP][39m [90m{"bundleId":"com.she.sehatq"}[39m
[35m[HTTP][39m [37m<-- POST /wd/hub/session/e48019fa-2149-4b8c-9071-b725415b3566/appium/device/activate_app [39m[32m200[39m [90m1032 ms - 14[39m
[35m[HTTP][39m [90m[39m
[35m[HTTP][39m [37m-->[39m [37mGET[39m [37m/wd/hub/session/e48019fa-2149-4b8c-9071-b725415b3566/source[39m
[35m[HTTP][39m [90m{}[39m
[35m[W3C (e48019fa)][39m Driver proxy active, passing request on via HTTP proxy
[35m[WD Proxy][39m Replacing sessionId 15ea5780-e20f-47a1-a5c7-0685400d671c with e48019fa-2149-4b8c-9071-b725415b3566
[35m[HTTP][39m [37m<-- GET /wd/hub/session/e48019fa-2149-4b8c-9071-b725415b3566/source [39m[32m200[39m [90m691 ms - 3140[39m
[35m[HTTP][39m [90m[39m
[35m[HTTP][39m [37m-->[39m [37mGET[39m [37m/wd/hub/session/e48019fa-2149-4b8c-9071-b725415b3566/screenshot[39m
[35m[HTTP][39m [90m{}[39m
[35m[HTTP][39m [37m<-- GET /wd/hub/session/e48019fa-2149-4b8c-9071-b725415b3566/screenshot [39m[32m200[39m [90m2319 ms - 2023198[39m
[35m[HTTP][39m [90m[39m
[35m[HTTP][39m [37m-->[39m [37mGET[39m [37m/wd/hub/session/e48019fa-2149-4b8c-9071-b725415b3566/source[39m
[35m[HTTP][39m [90m{}[39m
[35m[W3C (e48019fa)][39m Driver proxy active, passing request on via HTTP proxy
[35m[WD Proxy][39m Replacing sessionId 15ea5780-e20f-47a1-a5c7-0685400d671c with e48019fa-2149-4b8c-9071-b725415b3566
[35m[HTTP][39m [37m<-- GET /wd/hub/session/e48019fa-2149-4b8c-9071-b725415b3566/source [39m[32m200[39m [90m1051 ms - 37342[39m
[35m[HTTP][39m [90m[39m
[35m[HTTP][39m [37m-->[39m [37mGET[39m [37m/wd/hub/session/e48019fa-2149-4b8c-9071-b725415b3566/screenshot[39m
[35m[HTTP][39m [90m{}[39m
[35m[HTTP][39m [37m<-- GET /wd/hub/session/e48019fa-2149-4b8c-9071-b725415b3566/screenshot [39m[32m200[39m [90m1830 ms - 1464988[39m
[35m[HTTP][39m [90m[39m
[35m[HTTP][39m [37m-->[39m [37mGET[39m [37m/wd/hub/session/e48019fa-2149-4b8c-9071-b725415b3566/source[39m
[35m[HTTP][39m [90m{}[39m
[35m[W3C (e48019fa)][39m Driver proxy active, passing request on via HTTP proxy
[35m[WD Proxy][39m Replacing sessionId 15ea5780-e20f-47a1-a5c7-0685400d671c with e48019fa-2149-4b8c-9071-b725415b3566
[35m[HTTP][39m [37m<-- GET /wd/hub/session/e48019fa-2149-4b8c-9071-b725415b3566/source [39m[32m200[39m [90m379 ms - 20900[39m
[35m[HTTP][39m [90m[39m
[35m[HTTP][39m [37m-->[39m [37mGET[39m [37m/wd/hub/session/e48019fa-2149-4b8c-9071-b725415b3566/screenshot[39m
[35m[HTTP][39m [90m{}[39m
[35m[HTTP][39m [37m<-- GET /wd/hub/session/e48019fa-2149-4b8c-9071-b725415b3566/screenshot [39m[32m200[39m [90m863 ms - 266608[39m
[35m[HTTP][39m [90m[39m
[35m[HTTP][39m [37m-->[39m [37mPOST[39m [37m/wd/hub/session/e48019fa-2149-4b8c-9071-b725415b3566/elements[39m
[35m[HTTP][39m [90m{"using":"xpath","value":"//*[@class = 'android.widget.TextView' and (@text = 'Daftar' or . = 'Daftar') and @resource-id = 'com.she.sehatq:id/tv_signup']"}[39m
[35m[HTTP][39m [37m<-- POST /wd/hub/session/e48019fa-2149-4b8c-9071-b725415b3566/elements [39m[32m200[39m [90m1155 ms - 139[39m
[35m[HTTP][39m [90m[39m
[35m[HTTP][39m [37m-->[39m [37mGET[39m [37m/wd/hub/session/e48019fa-2149-4b8c-9071-b725415b3566/window/rect[39m
[35m[HTTP][39m [90m{}[39m
[35m[HTTP][39m [37m<-- GET /wd/hub/session/e48019fa-2149-4b8c-9071-b725415b3566/window/rect [39m[32m200[39m [90m26 ms - 50[39m
[35m[HTTP][39m [90m[39m
[35m[HTTP][39m [37m-->[39m [37mPOST[39m [37m/wd/hub/session/e48019fa-2149-4b8c-9071-b725415b3566/elements[39m
[35m[HTTP][39m [90m{"using":"xpath","value":"//*[@class = 'android.widget.TextView' and (@text = 'Daftar' or . = 'Daftar') and @resource-id = 'com.she.sehatq:id/tv_signup']"}[39m
[35m[HTTP][39m [37m<-- POST /wd/hub/session/e48019fa-2149-4b8c-9071-b725415b3566/elements [39m[32m200[39m [90m332 ms - 139[39m
[35m[HTTP][39m [90m[39m
[35m[HTTP][39m [37m-->[39m [37mGET[39m [37m/wd/hub/session/e48019fa-2149-4b8c-9071-b725415b3566/element/00000000-0000-0091-ffff-ffff00000600/location[39m
[35m[HTTP][39m [90m{}[39m
[35m[W3C (e48019fa)][39m Driver proxy active, passing request on via HTTP proxy
[35m[WD Proxy][39m Replacing sessionId 15ea5780-e20f-47a1-a5c7-0685400d671c with e48019fa-2149-4b8c-9071-b725415b3566
[35m[HTTP][39m [37m<-- GET /wd/hub/session/e48019fa-2149-4b8c-9071-b725415b3566/element/00000000-0000-0091-ffff-ffff00000600/location [39m[32m200[39m [90m30 ms - 79[39m
[35m[HTTP][39m [90m[39m
[35m[HTTP][39m [37m-->[39m [37mPOST[39m [37m/wd/hub/session/e48019fa-2149-4b8c-9071-b725415b3566/element/00000000-0000-0091-ffff-ffff00000600/click[39m
[35m[HTTP][39m [90m{"id":"00000000-0000-0091-ffff-ffff00000600"}[39m
[35m[HTTP][39m [37m<-- POST /wd/hub/session/e48019fa-2149-4b8c-9071-b725415b3566/element/00000000-0000-0091-ffff-ffff00000600/click [39m[32m200[39m [90m103 ms - 14[39m
[35m[HTTP][39m [90m[39m
[35m[HTTP][39m [37m-->[39m [37mGET[39m [37m/wd/hub/session/e48019fa-2149-4b8c-9071-b725415b3566/source[39m
[35m[HTTP][39m [90m{}[39m
[35m[W3C (e48019fa)][39m Driver proxy active, passing request on via HTTP proxy
[35m[WD Proxy][39m Replacing sessionId 15ea5780-e20f-47a1-a5c7-0685400d671c with e48019fa-2149-4b8c-9071-b725415b3566
[35m[HTTP][39m [37m<-- GET /wd/hub/session/e48019fa-2149-4b8c-9071-b725415b3566/source [39m[32m200[39m [90m1630 ms - 20521[39m
[35m[HTTP][39m [90m[39m
[35m[HTTP][39m [37m-->[39m [37mGET[39m [37m/wd/hub/session/e48019fa-2149-4b8c-9071-b725415b3566/screenshot[39m
[35m[HTTP][39m [90m{}[39m
[35m[HTTP][39m [37m<-- GET /wd/hub/session/e48019fa-2149-4b8c-9071-b725415b3566/screenshot [39m[32m200[39m [90m791 ms - 91630[39m
[35m[HTTP][39m [90m[39m
[35m[HTTP][39m [37m-->[39m [37mPOST[39m [37m/wd/hub/session/e48019fa-2149-4b8c-9071-b725415b3566/elements[39m
[35m[HTTP][39m [90m{"using":"xpath","value":"//*[@class = 'android.widget.EditText' and (@text = 'Nama Lengkap' or . = 'Nama Lengkap') and @resource-id = 'com.she.sehatq:id/et_input']"}[39m
[35m[HTTP][39m [37m<-- POST /wd/hub/session/e48019fa-2149-4b8c-9071-b725415b3566/elements [39m[32m200[39m [90m286 ms - 139[39m
[35m[HTTP][39m [90m[39m
[35m[HTTP][39m [37m-->[39m [37mGET[39m [37m/wd/hub/session/e48019fa-2149-4b8c-9071-b725415b3566/window/rect[39m
[35m[HTTP][39m [90m{}[39m
[35m[HTTP][39m [37m<-- GET /wd/hub/session/e48019fa-2149-4b8c-9071-b725415b3566/window/rect [39m[32m200[39m [90m27 ms - 50[39m
[35m[HTTP][39m [90m[39m
[35m[HTTP][39m [37m-->[39m [37mPOST[39m [37m/wd/hub/session/e48019fa-2149-4b8c-9071-b725415b3566/elements[39m
[35m[HTTP][39m [90m{"using":"xpath","value":"//*[@class = 'android.widget.EditText' and (@text = 'Nama Lengkap' or . = 'Nama Lengkap') and @resource-id = 'com.she.sehatq:id/et_input']"}[39m
[35m[HTTP][39m [37m<-- POST /wd/hub/session/e48019fa-2149-4b8c-9071-b725415b3566/elements [39m[32m200[39m [90m284 ms - 139[39m
[35m[HTTP][39m [90m[39m
[35m[HTTP][39m [37m-->[39m [37mGET[39m [37m/wd/hub/session/e48019fa-2149-4b8c-9071-b725415b3566/element/00000000-0000-0091-ffff-ffff00000653/location[39m
[35m[HTTP][39m [90m{}[39m
[35m[W3C (e48019fa)][39m Driver proxy active, passing request on via HTTP proxy
[35m[WD Proxy][39m Replacing sessionId 15ea5780-e20f-47a1-a5c7-0685400d671c with e48019fa-2149-4b8c-9071-b725415b3566
[35m[HTTP][39m [37m<-- GET /wd/hub/session/e48019fa-2149-4b8c-9071-b725415b3566/element/00000000-0000-0091-ffff-ffff00000653/location [39m[32m200[39m [90m28 ms - 77[39m
[35m[HTTP][39m [90m[39m
[35m[HTTP][39m [37m-->[39m [37mPOST[39m [37m/wd/hub/session/e48019fa-2149-4b8c-9071-b725415b3566/element/00000000-0000-0091-ffff-ffff00000653/value[39m
[35m[HTTP][39m [90m{"id":"00000000-0000-0091-ffff-ffff00000653","text":"Kevan Dharma","value":["K","e","v","a","n"," ","D","h","a","r","m","a"]}[39m
[35m[HTTP][39m [37m<-- POST /wd/hub/session/e48019fa-2149-4b8c-9071-b725415b3566/element/00000000-0000-0091-ffff-ffff00000653/value [39m[32m200[39m [90m562 ms - 14[39m
[35m[HTTP][39m [90m[39m
[35m[HTTP][39m [37m-->[39m [37mGET[39m [37m/wd/hub/session/e48019fa-2149-4b8c-9071-b725415b3566/source[39m
[35m[HTTP][39m [90m{}[39m
[35m[W3C (e48019fa)][39m Driver proxy active, passing request on via HTTP proxy
[35m[WD Proxy][39m Replacing sessionId 15ea5780-e20f-47a1-a5c7-0685400d671c with e48019fa-2149-4b8c-9071-b725415b3566
[35m[HTTP][39m [37m<-- GET /wd/hub/session/e48019fa-2149-4b8c-9071-b725415b3566/source [39m[32m200[39m [90m313 ms - 20521[39m
[35m[HTTP][39m [90m[39m
[35m[HTTP][39m [37m-->[39m [37mGET[39m [37m/wd/hub/session/e48019fa-2149-4b8c-9071-b725415b3566/screenshot[39m
[35m[HTTP][39m [90m{}[39m
[35m[HTTP][39m [37m<-- GET /wd/hub/session/e48019fa-2149-4b8c-9071-b725415b3566/screenshot [39m[32m200[39m [90m820 ms - 96204[39m
[35m[HTTP][39m [90m[39m
[35m[HTTP][39m [37m-->[39m [37mPOST[39m [37m/wd/hub/session/e48019fa-2149-4b8c-9071-b725415b3566/elements[39m
[35m[HTTP][39m [90m{"using":"xpath","value":"//*[@class = 'android.widget.EditText' and (@text = 'Email' or . = 'Email') and @resource-id = 'com.she.sehatq:id/et_input']"}[39m
[35m[HTTP][39m [37m<-- POST /wd/hub/session/e48019fa-2149-4b8c-9071-b725415b3566/elements [39m[32m200[39m [90m247 ms - 139[39m
[35m[HTTP][39m [90m[39m
[35m[HTTP][39m [37m-->[39m [37mGET[39m [37m/wd/hub/session/e48019fa-2149-4b8c-9071-b725415b3566/window/rect[39m
[35m[HTTP][39m [90m{}[39m
[35m[HTTP][39m [37m<-- GET /wd/hub/session/e48019fa-2149-4b8c-9071-b725415b3566/window/rect [39m[32m200[39m [90m38 ms - 50[39m
[35m[HTTP][39m [90m[39m
[35m[HTTP][39m [37m-->[39m [37mPOST[39m [37m/wd/hub/session/e48019fa-2149-4b8c-9071-b725415b3566/elements[39m
[35m[HTTP][39m [90m{"using":"xpath","value":"//*[@class = 'android.widget.EditText' and (@text = 'Email' or . = 'Email') and @resource-id = 'com.she.sehatq:id/et_input']"}[39m
[35m[HTTP][39m [37m<-- POST /wd/hub/session/e48019fa-2149-4b8c-9071-b725415b3566/elements [39m[32m200[39m [90m225 ms - 139[39m
[35m[HTTP][39m [90m[39m
[35m[HTTP][39m [37m-->[39m [37mGET[39m [37m/wd/hub/session/e48019fa-2149-4b8c-9071-b725415b3566/element/00000000-0000-0091-ffff-ffff00000673/location[39m
[35m[HTTP][39m [90m{}[39m
[35m[W3C (e48019fa)][39m Driver proxy active, passing request on via HTTP proxy
[35m[WD Proxy][39m Replacing sessionId 15ea5780-e20f-47a1-a5c7-0685400d671c with e48019fa-2149-4b8c-9071-b725415b3566
[35m[HTTP][39m [37m<-- GET /wd/hub/session/e48019fa-2149-4b8c-9071-b725415b3566/element/00000000-0000-0091-ffff-ffff00000673/location [39m[32m200[39m [90m27 ms - 77[39m
[35m[HTTP][39m [90m[39m
[35m[HTTP][39m [37m-->[39m [37mPOST[39m [37m/wd/hub/session/e48019fa-2149-4b8c-9071-b725415b3566/element/00000000-0000-0091-ffff-ffff00000673/value[39m
[35m[HTTP][39m [90m{"id":"00000000-0000-0091-ffff-ffff00000673","text":"kevandharma123@mailinator.com","value":["k","e","v","a","n","d","h","a","r","m","a","1","2","3","@","m","a","i","l","i","n","a","t","o","r",".","c","o","m"]}[39m
[35m[HTTP][39m [37m<-- POST /wd/hub/session/e48019fa-2149-4b8c-9071-b725415b3566/element/00000000-0000-0091-ffff-ffff00000673/value [39m[32m200[39m [90m578 ms - 14[39m
[35m[HTTP][39m [90m[39m
[35m[HTTP][39m [37m-->[39m [37mGET[39m [37m/wd/hub/session/e48019fa-2149-4b8c-9071-b725415b3566/source[39m
[35m[HTTP][39m [90m{}[39m
[35m[W3C (e48019fa)][39m Driver proxy active, passing request on via HTTP proxy
[35m[WD Proxy][39m Replacing sessionId 15ea5780-e20f-47a1-a5c7-0685400d671c with e48019fa-2149-4b8c-9071-b725415b3566
[35m[HTTP][39m [37m<-- GET /wd/hub/session/e48019fa-2149-4b8c-9071-b725415b3566/source [39m[32m200[39m [90m297 ms - 20545[39m
[35m[HTTP][39m [90m[39m
[35m[HTTP][39m [37m-->[39m [37mGET[39m [37m/wd/hub/session/e48019fa-2149-4b8c-9071-b725415b3566/screenshot[39m
[35m[HTTP][39m [90m{}[39m
[35m[HTTP][39m [37m<-- GET /wd/hub/session/e48019fa-2149-4b8c-9071-b725415b3566/screenshot [39m[32m200[39m [90m836 ms - 113820[39m
[35m[HTTP][39m [90m[39m
[35m[HTTP][39m [37m-->[39m [37mPOST[39m [37m/wd/hub/session/e48019fa-2149-4b8c-9071-b725415b3566/elements[39m
[35m[HTTP][39m [90m{"using":"xpath","value":"//*[@class = 'android.widget.EditText' and (@text = 'Password' or . = 'Password') and @resource-id = 'com.she.sehatq:id/et_input']"}[39m
[35m[HTTP][39m [37m<-- POST /wd/hub/session/e48019fa-2149-4b8c-9071-b725415b3566/elements [39m[32m200[39m [90m228 ms - 139[39m
[35m[HTTP][39m [90m[39m
[35m[HTTP][39m [37m-->[39m [37mGET[39m [37m/wd/hub/session/e48019fa-2149-4b8c-9071-b725415b3566/window/rect[39m
[35m[HTTP][39m [90m{}[39m
[35m[HTTP][39m [37m<-- GET /wd/hub/session/e48019fa-2149-4b8c-9071-b725415b3566/window/rect [39m[32m200[39m [90m40 ms - 50[39m
[35m[HTTP][39m [90m[39m
[35m[HTTP][39m [37m-->[39m [37mPOST[39m [37m/wd/hub/session/e48019fa-2149-4b8c-9071-b725415b3566/elements[39m
[35m[HTTP][39m [90m{"using":"xpath","value":"//*[@class = 'android.widget.EditText' and (@text = 'Password' or . = 'Password') and @resource-id = 'com.she.sehatq:id/et_input']"}[39m
[35m[HTTP][39m [37m<-- POST /wd/hub/session/e48019fa-2149-4b8c-9071-b725415b3566/elements [39m[32m200[39m [90m216 ms - 139[39m
[35m[HTTP][39m [90m[39m
[35m[HTTP][39m [37m-->[39m [37mGET[39m [37m/wd/hub/session/e48019fa-2149-4b8c-9071-b725415b3566/element/00000000-0000-0091-ffff-ffff00000693/location[39m
[35m[HTTP][39m [90m{}[39m
[35m[W3C (e48019fa)][39m Driver proxy active, passing request on via HTTP proxy
[35m[WD Proxy][39m Replacing sessionId 15ea5780-e20f-47a1-a5c7-0685400d671c with e48019fa-2149-4b8c-9071-b725415b3566
[35m[HTTP][39m [37m<-- GET /wd/hub/session/e48019fa-2149-4b8c-9071-b725415b3566/element/00000000-0000-0091-ffff-ffff00000693/location [39m[32m200[39m [90m27 ms - 77[39m
[35m[HTTP][39m [90m[39m
[35m[HTTP][39m [37m-->[39m [37mPOST[39m [37m/wd/hub/session/e48019fa-2149-4b8c-9071-b725415b3566/element/00000000-0000-0091-ffff-ffff00000693/value[39m
[35m[HTTP][39m [90m{"id":"00000000-0000-0091-ffff-ffff00000693","text":"123qwe","value":["1","2","3","q","w","e"]}[39m
[35m[HTTP][39m [37m<-- POST /wd/hub/session/e48019fa-2149-4b8c-9071-b725415b3566/element/00000000-0000-0091-ffff-ffff00000693/value [39m[32m200[39m [90m569 ms - 14[39m
[35m[HTTP][39m [90m[39m
[35m[HTTP][39m [37m-->[39m [37mGET[39m [37m/wd/hub/session/e48019fa-2149-4b8c-9071-b725415b3566/source[39m
[35m[HTTP][39m [90m{}[39m
[35m[W3C (e48019fa)][39m Driver proxy active, passing request on via HTTP proxy
[35m[WD Proxy][39m Replacing sessionId 15ea5780-e20f-47a1-a5c7-0685400d671c with e48019fa-2149-4b8c-9071-b725415b3566
[35m[HTTP][39m [37m<-- GET /wd/hub/session/e48019fa-2149-4b8c-9071-b725415b3566/source [39m[32m200[39m [90m275 ms - 20543[39m
[35m[HTTP][39m [90m[39m
[35m[HTTP][39m [37m-->[39m [37mGET[39m [37m/wd/hub/session/e48019fa-2149-4b8c-9071-b725415b3566/screenshot[39m
[35m[HTTP][39m [90m{}[39m
[35m[HTTP][39m [37m<-- GET /wd/hub/session/e48019fa-2149-4b8c-9071-b725415b3566/screenshot [39m[32m200[39m [90m819 ms - 113030[39m
[35m[HTTP][39m [90m[39m
[35m[HTTP][39m [37m-->[39m [37mPOST[39m [37m/wd/hub/session/e48019fa-2149-4b8c-9071-b725415b3566/elements[39m
[35m[HTTP][39m [90m{"using":"xpath","value":"//*[@class = 'android.widget.CheckBox' and @resource-id = 'com.she.sehatq:id/cb_terms' and (@text = '' or . = '')]"}[39m
[35m[HTTP][39m [37m<-- POST /wd/hub/session/e48019fa-2149-4b8c-9071-b725415b3566/elements [39m[32m200[39m [90m239 ms - 139[39m
[35m[HTTP][39m [90m[39m
[35m[HTTP][39m [37m-->[39m [37mGET[39m [37m/wd/hub/session/e48019fa-2149-4b8c-9071-b725415b3566/window/rect[39m
[35m[HTTP][39m [90m{}[39m
[35m[HTTP][39m [37m<-- GET /wd/hub/session/e48019fa-2149-4b8c-9071-b725415b3566/window/rect [39m[32m200[39m [90m18 ms - 50[39m
[35m[HTTP][39m [90m[39m
[35m[HTTP][39m [37m-->[39m [37mPOST[39m [37m/wd/hub/session/e48019fa-2149-4b8c-9071-b725415b3566/elements[39m
[35m[HTTP][39m [90m{"using":"xpath","value":"//*[@class = 'android.widget.CheckBox' and @resource-id = 'com.she.sehatq:id/cb_terms' and (@text = '' or . = '')]"}[39m
[35m[HTTP][39m [37m<-- POST /wd/hub/session/e48019fa-2149-4b8c-9071-b725415b3566/elements [39m[32m200[39m [90m194 ms - 139[39m
[35m[HTTP][39m [90m[39m
[35m[HTTP][39m [37m-->[39m [37mGET[39m [37m/wd/hub/session/e48019fa-2149-4b8c-9071-b725415b3566/element/00000000-0000-0091-ffff-ffff000006ae/location[39m
[35m[HTTP][39m [90m{}[39m
[35m[W3C (e48019fa)][39m Driver proxy active, passing request on via HTTP proxy
[35m[WD Proxy][39m Replacing sessionId 15ea5780-e20f-47a1-a5c7-0685400d671c with e48019fa-2149-4b8c-9071-b725415b3566
[35m[HTTP][39m [37m<-- GET /wd/hub/session/e48019fa-2149-4b8c-9071-b725415b3566/element/00000000-0000-0091-ffff-ffff000006ae/location [39m[32m200[39m [90m25 ms - 78[39m
[35m[HTTP][39m [90m[39m
[35m[HTTP][39m [37m-->[39m [37mPOST[39m [37m/wd/hub/session/e48019fa-2149-4b8c-9071-b725415b3566/element/00000000-0000-0091-ffff-ffff000006ae/click[39m
[35m[HTTP][39m [90m{"id":"00000000-0000-0091-ffff-ffff000006ae"}[39m
[35m[HTTP][39m [37m<-- POST /wd/hub/session/e48019fa-2149-4b8c-9071-b725415b3566/element/00000000-0000-0091-ffff-ffff000006ae/click [39m[32m200[39m [90m36 ms - 14[39m
[35m[HTTP][39m [90m[39m
[35m[HTTP][39m [37m-->[39m [37mGET[39m [37m/wd/hub/session/e48019fa-2149-4b8c-9071-b725415b3566/source[39m
[35m[HTTP][39m [90m{}[39m
[35m[W3C (e48019fa)][39m Driver proxy active, passing request on via HTTP proxy
[35m[WD Proxy][39m Replacing sessionId 15ea5780-e20f-47a1-a5c7-0685400d671c with e48019fa-2149-4b8c-9071-b725415b3566
[35m[HTTP][39m [37m<-- GET /wd/hub/session/e48019fa-2149-4b8c-9071-b725415b3566/source [39m[32m200[39m [90m325 ms - 20542[39m
[35m[HTTP][39m [90m[39m
[35m[HTTP][39m [37m-->[39m [37mGET[39m [37m/wd/hub/session/e48019fa-2149-4b8c-9071-b725415b3566/screenshot[39m
[35m[HTTP][39m [90m{}[39m
[35m[HTTP][39m [37m<-- GET /wd/hub/session/e48019fa-2149-4b8c-9071-b725415b3566/screenshot [39m[32m200[39m [90m829 ms - 114140[39m
[35m[HTTP][39m [90m[39m
[35m[HTTP][39m [37m-->[39m [37mPOST[39m [37m/wd/hub/session/e48019fa-2149-4b8c-9071-b725415b3566/elements[39m
[35m[HTTP][39m [90m{"using":"xpath","value":"//*[@class = 'android.widget.Button' and (@text = 'Daftar' or . = 'Daftar') and @resource-id = 'com.she.sehatq:id/btn_signup']"}[39m
[35m[HTTP][39m [37m<-- POST /wd/hub/session/e48019fa-2149-4b8c-9071-b725415b3566/elements [39m[32m200[39m [90m239 ms - 139[39m
[35m[HTTP][39m [90m[39m
[35m[HTTP][39m [37m-->[39m [37mGET[39m [37m/wd/hub/session/e48019fa-2149-4b8c-9071-b725415b3566/window/rect[39m
[35m[HTTP][39m [90m{}[39m
[35m[HTTP][39m [37m<-- GET /wd/hub/session/e48019fa-2149-4b8c-9071-b725415b3566/window/rect [39m[32m200[39m [90m21 ms - 50[39m
[35m[HTTP][39m [90m[39m
[35m[HTTP][39m [37m-->[39m [37mPOST[39m [37m/wd/hub/session/e48019fa-2149-4b8c-9071-b725415b3566/elements[39m
[35m[HTTP][39m [90m{"using":"xpath","value":"//*[@class = 'android.widget.Button' and (@text = 'Daftar' or . = 'Daftar') and @resource-id = 'com.she.sehatq:id/btn_signup']"}[39m
[35m[HTTP][39m [37m<-- POST /wd/hub/session/e48019fa-2149-4b8c-9071-b725415b3566/elements [39m[32m200[39m [90m239 ms - 139[39m
[35m[HTTP][39m [90m[39m
[35m[HTTP][39m [37m-->[39m [37mGET[39m [37m/wd/hub/session/e48019fa-2149-4b8c-9071-b725415b3566/element/00000000-0000-0091-ffff-ffff000006b5/location[39m
[35m[HTTP][39m [90m{}[39m
[35m[W3C (e48019fa)][39m Driver proxy active, passing request on via HTTP proxy
[35m[WD Proxy][39m Replacing sessionId 15ea5780-e20f-47a1-a5c7-0685400d671c with e48019fa-2149-4b8c-9071-b725415b3566
[35m[HTTP][39m [37m<-- GET /wd/hub/session/e48019fa-2149-4b8c-9071-b725415b3566/element/00000000-0000-0091-ffff-ffff000006b5/location [39m[32m200[39m [90m601 ms - 78[39m
[35m[HTTP][39m [90m[39m
[35m[HTTP][39m [37m-->[39m [37mPOST[39m [37m/wd/hub/session/e48019fa-2149-4b8c-9071-b725415b3566/element/00000000-0000-0091-ffff-ffff000006b5/click[39m
[35m[HTTP][39m [90m{"id":"00000000-0000-0091-ffff-ffff000006b5"}[39m
[35m[HTTP][39m [37m<-- POST /wd/hub/session/e48019fa-2149-4b8c-9071-b725415b3566/element/00000000-0000-0091-ffff-ffff000006b5/click [39m[32m200[39m [90m40 ms - 14[39m
[35m[HTTP][39m [90m[39m
[35m[HTTP][39m [37m-->[39m [37mGET[39m [37m/wd/hub/session/e48019fa-2149-4b8c-9071-b725415b3566/source[39m
[35m[HTTP][39m [90m{}[39m
[35m[W3C (e48019fa)][39m Driver proxy active, passing request on via HTTP proxy
[35m[WD Proxy][39m Replacing sessionId 15ea5780-e20f-47a1-a5c7-0685400d671c with e48019fa-2149-4b8c-9071-b725415b3566
[35m[HTTP][39m [37m<-- GET /wd/hub/session/e48019fa-2149-4b8c-9071-b725415b3566/source [39m[32m200[39m [90m647 ms - 20551[39m
[35m[HTTP][39m [90m[39m
[35m[HTTP][39m [37m-->[39m [37mGET[39m [37m/wd/hub/session/e48019fa-2149-4b8c-9071-b725415b3566/screenshot[39m
[35m[HTTP][39m [90m{}[39m
[35m[HTTP][39m [37m<-- GET /wd/hub/session/e48019fa-2149-4b8c-9071-b725415b3566/screenshot [39m[32m200[39m [90m826 ms - 116040[39m
[35m[HTTP][39m [90m[39m
[35m[HTTP][39m [37m-->[39m [37mPOST[39m [37m/wd/hub/session/e48019fa-2149-4b8c-9071-b725415b3566/elements[39m
[35m[HTTP][39m [90m{"using":"xpath","value":"//*[@class = 'android.widget.Button' and (@text = 'Please wait…' or . = 'Please wait…') and @resource-id = 'com.she.sehatq:id/btn_signup']"}[39m
[35m[HTTP][39m [37m<-- POST /wd/hub/session/e48019fa-2149-4b8c-9071-b725415b3566/elements [39m[32m200[39m [90m52610 ms - 139[39m
[35m[HTTP][39m [90m[39m
[35m[HTTP][39m [37m-->[39m [37mGET[39m [37m/wd/hub/session/e48019fa-2149-4b8c-9071-b725415b3566/window/rect[39m
[35m[HTTP][39m [90m{}[39m
[35m[HTTP][39m [37m<-- GET /wd/hub/session/e48019fa-2149-4b8c-9071-b725415b3566/window/rect [39m[32m200[39m [90m19 ms - 50[39m
[35m[HTTP][39m [90m[39m
[35m[HTTP][39m [37m-->[39m [37mPOST[39m [37m/wd/hub/session/e48019fa-2149-4b8c-9071-b725415b3566/elements[39m
[35m[HTTP][39m [90m{"using":"xpath","value":"//*[@class = 'android.widget.Button' and (@text = 'Please wait…' or . = 'Please wait…') and @resource-id = 'com.she.sehatq:id/btn_signup']"}[39m
[35m[HTTP][39m [37m<-- POST /wd/hub/session/e48019fa-2149-4b8c-9071-b725415b3566/elements [39m[32m200[39m [90m93 ms - 139[39m
[35m[HTTP][39m [90m[39m
[35m[HTTP][39m [37m-->[39m [37mGET[39m [37m/wd/hub/session/e48019fa-2149-4b8c-9071-b725415b3566/element/00000000-0000-0091-ffff-ffff00000827/location[39m
[35m[HTTP][39m [90m{}[39m
[35m[W3C (e48019fa)][39m Driver proxy active, passing request on via HTTP proxy
[35m[WD Proxy][39m Replacing sessionId 15ea5780-e20f-47a1-a5c7-0685400d671c with e48019fa-2149-4b8c-9071-b725415b3566
[35m[HTTP][39m [37m<-- GET /wd/hub/session/e48019fa-2149-4b8c-9071-b725415b3566/element/00000000-0000-0091-ffff-ffff00000827/location [39m[32m200[39m [90m867 ms - 78[39m
[35m[HTTP][39m [90m[39m
[35m[HTTP][39m [37m-->[39m [37mGET[39m [37m/wd/hub/session/e48019fa-2149-4b8c-9071-b725415b3566/element/00000000-0000-0091-ffff-ffff00000827/text[39m
[35m[HTTP][39m [90m{}[39m
[35m[W3C (e48019fa)][39m Driver proxy active, passing request on via HTTP proxy
[35m[WD Proxy][39m Replacing sessionId 15ea5780-e20f-47a1-a5c7-0685400d671c with e48019fa-2149-4b8c-9071-b725415b3566
[35m[HTTP][39m [37m<-- GET /wd/hub/session/e48019fa-2149-4b8c-9071-b725415b3566/element/00000000-0000-0091-ffff-ffff00000827/text [39m[32m200[39m [90m32 ms - 77[39m
[35m[HTTP][39m [90m[39m
[35m[HTTP][39m [37m-->[39m [37mGET[39m [37m/wd/hub/session/e48019fa-2149-4b8c-9071-b725415b3566/source[39m
[35m[HTTP][39m [90m{}[39m
[35m[W3C (e48019fa)][39m Driver proxy active, passing request on via HTTP proxy
[35m[WD Proxy][39m Replacing sessionId 15ea5780-e20f-47a1-a5c7-0685400d671c with e48019fa-2149-4b8c-9071-b725415b3566
[35m[HTTP][39m [37m<-- GET /wd/hub/session/e48019fa-2149-4b8c-9071-b725415b3566/source [39m[32m200[39m [90m193 ms - 8945[39m
[35m[HTTP][39m [90m[39m
[35m[HTTP][39m [37m-->[39m [37mGET[39m [37m/wd/hub/session/e48019fa-2149-4b8c-9071-b725415b3566/screenshot[39m
[35m[HTTP][39m [90m{}[39m
[35m[HTTP][39m [37m<-- GET /wd/hub/session/e48019fa-2149-4b8c-9071-b725415b3566/screenshot [39m[32m200[39m [90m806 ms - 80838[39m
[35m[HTTP][39m [90m[39m
[35m[HTTP][39m [37m-->[39m [37mDELETE[39m [37m/wd/hub/session/e48019fa-2149-4b8c-9071-b725415b3566[39m
[35m[HTTP][39m [90m{}[39m
[35m[Appium][39m Removing session e48019fa-2149-4b8c-9071-b725415b3566 from our master session list
[35m[UiAutomator2][39m Restoring hidden api policy to the device default configuration
[35m[HTTP][39m [37m<-- DELETE /wd/hub/session/e48019fa-2149-4b8c-9071-b725415b3566 [39m[32m200[39m [90m373 ms - 14[39m
[35m[HTTP][39m [90m[39m
